0 info it worked if it ends with ok
1 verbose cli [ '/usr/bin/node',
1 verbose cli   '/usr/bin/npm',
1 verbose cli   'install',
1 verbose cli   '-g',
1 verbose cli   'serialport-js' ]
2 info using npm@1.4.28
3 info using node@v0.10.33
4 verbose node symlink /usr/bin/node
5 verbose cache add [ 'serialport-js', null ]
6 verbose cache add name=undefined spec="serialport-js" args=["serialport-js",null]
7 verbose parsed url { protocol: null,
7 verbose parsed url   slashes: null,
7 verbose parsed url   auth: null,
7 verbose parsed url   host: null,
7 verbose parsed url   port: null,
7 verbose parsed url   hostname: null,
7 verbose parsed url   hash: null,
7 verbose parsed url   search: null,
7 verbose parsed url   query: null,
7 verbose parsed url   pathname: 'serialport-js',
7 verbose parsed url   path: 'serialport-js',
7 verbose parsed url   href: 'serialport-js' }
8 silly lockFile 525eadee-serialport-js serialport-js
9 verbose lock serialport-js /home/bmiller/.npm/525eadee-serialport-js.lock
10 silly lockFile 525eadee-serialport-js serialport-js
11 silly lockFile 525eadee-serialport-js serialport-js
12 verbose addNamed [ 'serialport-js', '' ]
13 verbose addNamed [ null, '*' ]
14 silly lockFile fb604ab0-serialport-js serialport-js@
15 verbose lock serialport-js@ /home/bmiller/.npm/fb604ab0-serialport-js.lock
16 silly addNameRange { name: 'serialport-js', range: '*', hasData: false }
17 verbose request where is /serialport-js
18 verbose request registry https://registry.npmjs.org/
19 verbose request id fc1c931ef265e9c3
20 verbose url raw /serialport-js
21 verbose url resolving [ 'https://registry.npmjs.org/', './serialport-js' ]
22 verbose url resolved https://registry.npmjs.org/serialport-js
23 verbose request where is https://registry.npmjs.org/serialport-js
24 info trying registry request attempt 1 at 12:47:50
25 verbose etag "3XNENAGONX2RSF52JW4NVDW8M"
26 http GET https://registry.npmjs.org/serialport-js
27 http 304 https://registry.npmjs.org/serialport-js
28 silly registry.get cb [ 304,
28 silly registry.get   { date: 'Sat, 17 Jan 2015 20:47:51 GMT',
28 silly registry.get     server: 'Apache',
28 silly registry.get     via: '1.1 varnish',
28 silly registry.get     'last-modified': 'Sat, 17 Jan 2015 20:47:51 GMT',
28 silly registry.get     'cache-control': 'max-age=60',
28 silly registry.get     etag: '"3XNENAGONX2RSF52JW4NVDW8M"',
28 silly registry.get     age: '0',
28 silly registry.get     'x-served-by': 'cache-sjc3132-SJC',
28 silly registry.get     'x-cache': 'MISS',
28 silly registry.get     'x-cache-hits': '0',
28 silly registry.get     'x-timer': 'S1421527671.635226,VS0,VE314',
28 silly registry.get     vary: 'Accept',
28 silly registry.get     'content-length': '0',
28 silly registry.get     'keep-alive': 'timeout=10, max=50',
28 silly registry.get     connection: 'Keep-Alive' } ]
29 verbose etag https://registry.npmjs.org/serialport-js from cache
30 silly addNameRange number 2 { name: 'serialport-js', range: '*', hasData: true }
31 silly addNameRange versions [ 'serialport-js',
31 silly addNameRange   [ '0.0.1', '0.0.2', '0.0.3', '0.0.4', '0.0.5' ] ]
32 verbose addNamed [ 'serialport-js', '0.0.5' ]
33 verbose addNamed [ '0.0.5', '0.0.5' ]
34 silly lockFile 9c181564-serialport-js-0-0-5 serialport-js@0.0.5
35 verbose lock serialport-js@0.0.5 /home/bmiller/.npm/9c181564-serialport-js-0-0-5.lock
36 silly lockFile 9c181564-serialport-js-0-0-5 serialport-js@0.0.5
37 silly lockFile 9c181564-serialport-js-0-0-5 serialport-js@0.0.5
38 silly lockFile fb604ab0-serialport-js serialport-js@
39 silly lockFile fb604ab0-serialport-js serialport-js@
40 silly resolved [ { name: 'serialport-js',
40 silly resolved     version: '0.0.5',
40 silly resolved     description: '- *Node.js commandline/terminal interface.*',
40 silly resolved     main: 'serialport-js.js',
40 silly resolved     directories: { example: 'examples' },
40 silly resolved     scripts:
40 silly resolved      { preinstall: 'which setserial || sudo apt-get install setserial || { echo >&2 "I require setserial but it\'s not installed.  Aborting."; exit 1; }',
40 silly resolved        test: 'echo "Error: no test specified" && exit 1' },
40 silly resolved     author: { name: 'Brandon Nozaki Miller' },
40 silly resolved     license: 'DBAD',
40 silly resolved     dependencies: {},
40 silly resolved     devDependencies: {},
40 silly resolved     repository:
40 silly resolved      { type: 'git',
40 silly resolved        url: 'https://github.com/RIAEvangelist/serialport-js.git' },
40 silly resolved     keywords:
40 silly resolved      [ 'serialport',
40 silly resolved        'serial',
40 silly resolved        'port',
40 silly resolved        'pure',
40 silly resolved        'js',
40 silly resolved        'pure',
40 silly resolved        'javascript' ],
40 silly resolved     bugs: { url: 'https://github.com/RIAEvangelist/serialport-js/issues' },
40 silly resolved     homepage: 'https://github.com/RIAEvangelist/serialport-js',
40 silly resolved     readme: '#serialport-js\n-\n*a pure javascript serial port implementation for node.js node-webkit and nw.js*  \n\n#ALPHA\n####only tested with linux at this time\n####only looking for ttyUSB at this time\n\n#Module Methods\n-\n\n|method | arguments            | result                           | description |\n|-------|----------------------|----------------------------------|-------------|\n|find   | callback, port type  | array of ports passed to callback| if no port type specified returns  |\n|send   | port, data           |                                  | sends data to the specified serial port |\n|open   | port, delimiter      | returns reference to port        | open a serial port for bidirectional communication. The returned refrence will have the port info and a send function available on it. Data events will be dispatched on the returned port reference when the delimiter is received |\n\n#Port Events\n-\n\n|method | arguments            | description                      |\n|-------|----------------------|----------------------------------|\n|data   | data                 | array of ports passed to callback|\n|err    | errType, message     | an error happened on the port    |\n|close  |                      | the port has been closed         |\n\n#Port Methods\n-\n\n|method | arguments            | description                      |\n|-------|----------------------|----------------------------------|\n|send   | data                 | sends data to the port           |\n|close  | errType, message     | closes the port                  |\n\n\n#Examples\n-\n\n### find any available serial ports\n    \n    var serialjs=require(\'serialport-js\');\n\n    serialjs.find(\n        function(ports){\n            console.log(\'available usb serial : \',ports);\n        }\n    );\n\n### find an available serial USB port\n    \n    var serialjs=require(\'serialport-js\');\n\n    serialjs.find(\n        function(ports){\n            console.log(\'available usb serial : \',ports);\n        },\n        \'/dev/ttyUSB\'\n    );\n\n### find a specific serial USB port\n    \n    var serialjs=require(\'serialport-js\');\n\n    serialjs.find(\n        function(ports){\n            console.log(\'available usb serial : \',ports);\n        },\n        \'/dev/ttyUSB0\'\n    );\n\n### send a message to a specific serial USB port without opening it for bi-directional communication.\n    \n    var serialjs=require(\'serialport-js\');\n\n    serialjs.send(\n        \'/dev/ttyUSB0\',\n        \'hello\'\n    );\n\n### find, then open serial port and communicate with it bi-directionally.\n\n    var serialjs=require(\'serialport-js\');\n\n    serialjs.find(\n        function(ports){\n            console.log(\'available usb serial : \',ports);\n            if(ports[0]){\n                var term=serialjs.open(ports[0],\'\\n\');\n                \n                term.on(\n                    \'data\',\n                    function(data){\n                        console.log(data);\n                    }\n                );\n\n                term.send(\'hello\');\n            }\n        }\n    );\n\n\n\n',
40 silly resolved     readmeFilename: 'README.md',
40 silly resolved     gitHead: '5d2012d546e7aee811e267dab0e6b62645ef4b5b',
40 silly resolved     _id: 'serialport-js@0.0.5',
40 silly resolved     _shasum: 'c4a2932bd6a793af36694e1e9c56ff66a6d4d716',
40 silly resolved     _from: 'serialport-js@' } ]
41 info install serialport-js@0.0.5 into /usr/lib
42 info installOne serialport-js@0.0.5
43 verbose lib/node_modules/serialport-js unbuild
44 verbose tar unpack /home/bmiller/.npm/serialport-js/0.0.5/package.tgz
45 silly lockFile 74bdbb08-r-lib-node-modules-serialport-js tar:///usr/lib/node_modules/serialport-js
46 verbose lock tar:///usr/lib/node_modules/serialport-js /home/bmiller/.npm/74bdbb08-r-lib-node-modules-serialport-js.lock
47 silly lockFile 35156a4a--serialport-js-0-0-5-package-tgz tar:///home/bmiller/.npm/serialport-js/0.0.5/package.tgz
48 verbose lock tar:///home/bmiller/.npm/serialport-js/0.0.5/package.tgz /home/bmiller/.npm/35156a4a--serialport-js-0-0-5-package-tgz.lock
49 silly gunzTarPerm modes [ '775', '664' ]
50 error Error: EACCES, mkdir '/usr/lib/node_modules/serialport-js'
50 error  { [Error: EACCES, mkdir '/usr/lib/node_modules/serialport-js']
50 error   errno: 3,
50 error   code: 'EACCES',
50 error   path: '/usr/lib/node_modules/serialport-js',
50 error   fstream_type: 'Directory',
50 error   fstream_path: '/usr/lib/node_modules/serialport-js',
50 error   fstream_class: 'DirWriter',
50 error   fstream_stack:
50 error    [ '/usr/lib/node_modules/npm/node_modules/fstream/lib/dir-writer.js:36:23',
50 error      '/usr/lib/node_modules/npm/node_modules/mkdirp/index.js:46:53',
50 error      'Object.oncomplete (fs.js:107:15)' ] }
51 error Please try running this command again as root/Administrator.
52 error System Linux 3.13.0-43-generic
53 error command "/usr/bin/node" "/usr/bin/npm" "install" "-g" "serialport-js"
54 error cwd /home/bmiller/git/serialport-js
55 error node -v v0.10.33
56 error npm -v 1.4.28
57 error path /usr/lib/node_modules/serialport-js
58 error fstream_path /usr/lib/node_modules/serialport-js
59 error fstream_type Directory
60 error fstream_class DirWriter
61 error code EACCES
62 error errno 3
63 error stack Error: EACCES, mkdir '/usr/lib/node_modules/serialport-js'
64 error fstream_stack /usr/lib/node_modules/npm/node_modules/fstream/lib/dir-writer.js:36:23
64 error fstream_stack /usr/lib/node_modules/npm/node_modules/mkdirp/index.js:46:53
64 error fstream_stack Object.oncomplete (fs.js:107:15)
65 verbose exit [ 3, true ]
